{"@timestamp":"2025-08-03T12:32:33.4505858-06:00","level":"INFO","logger_name":"com.erp.system.user.UserServiceApplication","message":"Starting UserServiceApplication v1.0.0 using Java 17.0.15 with PID 7196 (C:\\erp\\erp-system\\backend\\user-service\\target\\user-service-1.0.0.jar started by foro7 in C:\\erp)"}
{"@timestamp":"2025-08-03T12:32:33.4705824-06:00","level":"DEBUG","logger_name":"com.erp.system.user.UserServiceApplication","message":"Running with Spring Boot v3.2.0, Spring v6.1.1"}
{"@timestamp":"2025-08-03T12:32:33.4725908-06:00","level":"INFO","logger_name":"com.erp.system.user.UserServiceApplication","message":"No active profile set, falling back to 1 default profile: \"default\""}
{"@timestamp":"2025-08-03T20:43:25.8305599-06:00","level":"INFO","logger_name":"com.erp.system.user.UserServiceApplication","message":"Starting UserServiceApplication v1.0.0 using Java 17.0.15 with PID 35764 (C:\\erp\\erp-system\\backend\\user-service\\target\\user-service-1.0.0.jar started by foro7 in C:\\erp)"}
{"@timestamp":"2025-08-03T20:43:25.8569018-06:00","level":"DEBUG","logger_name":"com.erp.system.user.UserServiceApplication","message":"Running with Spring Boot v3.2.0, Spring v6.1.1"}
{"@timestamp":"2025-08-03T20:43:25.8578344-06:00","level":"INFO","logger_name":"com.erp.system.user.UserServiceApplication","message":"No active profile set, falling back to 1 default profile: \"default\""}
{"@timestamp":"2025-08-03T20:43:49.0902118-06:00","level":"INFO","logger_name":"com.erp.system.inventory.InventoryServiceApplication","message":"Starting InventoryServiceApplication v1.0.0 using Java 17.0.15 with PID 12444 (C:\\erp\\erp-system\\backend\\inventory-service\\target\\inventory-service-1.0.0.jar started by foro7 in C:\\erp)"}
{"@timestamp":"2025-08-03T20:43:49.1148123-06:00","level":"DEBUG","logger_name":"com.erp.system.inventory.InventoryServiceApplication","message":"Running with Spring Boot v3.2.0, Spring v6.1.1"}
{"@timestamp":"2025-08-03T20:43:49.1178581-06:00","level":"INFO","logger_name":"com.erp.system.inventory.InventoryServiceApplication","message":"No active profile set, falling back to 1 default profile: \"default\""}
{"@timestamp":"2025-08-03T20:44:12.8819526-06:00","level":"INFO","logger_name":"com.erp.system.inventory.InventoryServiceApplication","message":"Started InventoryServiceApplication in 26.859 seconds (process running for 27.872)"}
{"@timestamp":"2025-08-03T20:44:19.4682528-06:00","level":"INFO","logger_name":"com.erp.system.finance.FinanceServiceApplication","message":"Starting FinanceServiceApplication v1.0.0 using Java 17.0.15 with PID 16956 (C:\\erp\\erp-system\\backend\\finance-service\\target\\finance-service-1.0.0.jar started by foro7 in C:\\erp)"}
{"@timestamp":"2025-08-03T20:44:19.4868971-06:00","level":"DEBUG","logger_name":"com.erp.system.finance.FinanceServiceApplication","message":"Running with Spring Boot v3.2.0, Spring v6.1.1"}
{"@timestamp":"2025-08-03T20:44:19.4880298-06:00","level":"INFO","logger_name":"com.erp.system.finance.FinanceServiceApplication","message":"No active profile set, falling back to 1 default profile: \"default\""}
{"@timestamp":"2025-08-03T20:44:43.9604423-06:00","level":"INFO","logger_name":"com.erp.system.finance.FinanceServiceApplication","message":"Started FinanceServiceApplication in 27.335 seconds (process running for 28.792)"}
{"@timestamp":"2025-08-03T21:22:52.5483219-06:00","level":"INFO","logger_name":"com.erp.system.user.UserServiceApplication","message":"Starting UserServiceApplication v1.0.0 using Java 17.0.15 with PID 28636 (C:\\erp\\erp-system\\backend\\user-service\\target\\user-service-1.0.0.jar started by foro7 in C:\\erp)"}
{"@timestamp":"2025-08-03T21:22:52.5747231-06:00","level":"DEBUG","logger_name":"com.erp.system.user.UserServiceApplication","message":"Running with Spring Boot v3.2.0, Spring v6.1.1"}
{"@timestamp":"2025-08-03T21:22:52.5768792-06:00","level":"INFO","logger_name":"com.erp.system.user.UserServiceApplication","message":"No active profile set, falling back to 1 default profile: \"default\""}
{"@timestamp":"2025-08-03T21:33:01.1004687-06:00","level":"INFO","logger_name":"com.erp.system.user.UserServiceApplication","message":"Starting UserServiceApplication v1.0.0 using Java 17.0.15 with PID 17728 (C:\\erp\\erp-system\\backend\\user-service\\target\\user-service-1.0.0.jar started by foro7 in C:\\erp)"}
{"@timestamp":"2025-08-03T21:33:01.1228933-06:00","level":"DEBUG","logger_name":"com.erp.system.user.UserServiceApplication","message":"Running with Spring Boot v3.2.0, Spring v6.1.1"}
{"@timestamp":"2025-08-03T21:33:01.1251349-06:00","level":"INFO","logger_name":"com.erp.system.user.UserServiceApplication","message":"No active profile set, falling back to 1 default profile: \"default\""}
{"@timestamp":"2025-08-03T21:33:03.1846708-06:00","level":"INFO","logger_name":"com.erp.system.inventory.InventoryServiceApplication","message":"Starting InventoryServiceApplication v1.0.0 using Java 17.0.15 with PID 28252 (C:\\erp\\erp-system\\backend\\inventory-service\\target\\inventory-service-1.0.0.jar started by foro7 in C:\\erp)"}
{"@timestamp":"2025-08-03T21:33:03.2093424-06:00","level":"DEBUG","logger_name":"com.erp.system.inventory.InventoryServiceApplication","message":"Running with Spring Boot v3.2.0, Spring v6.1.1"}
{"@timestamp":"2025-08-03T21:33:03.211337-06:00","level":"INFO","logger_name":"com.erp.system.inventory.InventoryServiceApplication","message":"No active profile set, falling back to 1 default profile: \"default\""}
{"@timestamp":"2025-08-03T21:33:06.7909393-06:00","level":"INFO","logger_name":"com.erp.system.finance.FinanceServiceApplication","message":"Starting FinanceServiceApplication v1.0.0 using Java 17.0.15 with PID 2336 (C:\\erp\\erp-system\\backend\\finance-service\\target\\finance-service-1.0.0.jar started by foro7 in C:\\erp)"}
{"@timestamp":"2025-08-03T21:33:06.8317191-06:00","level":"DEBUG","logger_name":"com.erp.system.finance.FinanceServiceApplication","message":"Running with Spring Boot v3.2.0, Spring v6.1.1"}
{"@timestamp":"2025-08-03T21:33:06.8336894-06:00","level":"INFO","logger_name":"com.erp.system.finance.FinanceServiceApplication","message":"No active profile set, falling back to 1 default profile: \"default\""}
{"@timestamp":"2025-08-03T21:33:18.7530587-06:00","level":"INFO","logger_name":"com.erp.system.gateway.ApiGatewayApplication","message":"Starting ApiGatewayApplication v1.0.0 using Java 17.0.15 with PID 9076 (C:\\erp\\erp-system\\backend\\api-gateway\\target\\api-gateway-1.0.0.jar started by foro7 in C:\\erp)"}
{"@timestamp":"2025-08-03T21:33:18.7845322-06:00","level":"DEBUG","logger_name":"com.erp.system.gateway.ApiGatewayApplication","message":"Running with Spring Boot v3.2.0, Spring v6.1.1"}
{"@timestamp":"2025-08-03T21:33:18.7891876-06:00","level":"INFO","logger_name":"com.erp.system.gateway.ApiGatewayApplication","message":"No active profile set, falling back to 1 default profile: \"default\""}
{"@timestamp":"2025-08-03T21:33:32.3884712-06:00","level":"INFO","logger_name":"com.erp.system.finance.FinanceServiceApplication","message":"Started FinanceServiceApplication in 28.565 seconds (process running for 29.919)"}
{"@timestamp":"2025-08-03T21:33:33.1872212-06:00","level":"INFO","logger_name":"com.erp.system.inventory.InventoryServiceApplication","message":"Started InventoryServiceApplication in 33.757 seconds (process running for 35.018)"}
{"@timestamp":"2025-08-03T21:52:37.3342479-06:00","level":"INFO","logger_name":"com.erp.system.user.UserServiceApplication","message":"Starting UserServiceApplication v1.0.0 using Java 17.0.15 with PID 32860 (C:\\erp\\erp-system\\backend\\user-service\\target\\user-service-1.0.0.jar started by foro7 in C:\\erp)"}
{"@timestamp":"2025-08-03T21:52:37.3636863-06:00","level":"DEBUG","logger_name":"com.erp.system.user.UserServiceApplication","message":"Running with Spring Boot v3.2.0, Spring v6.1.1"}
{"@timestamp":"2025-08-03T21:52:37.3657278-06:00","level":"INFO","logger_name":"com.erp.system.user.UserServiceApplication","message":"No active profile set, falling back to 1 default profile: \"default\""}
{"@timestamp":"2025-08-03T21:52:58.6099041-06:00","level":"INFO","logger_name":"com.erp.system.inventory.InventoryServiceApplication","message":"Starting InventoryServiceApplication v1.0.0 using Java 17.0.15 with PID 20560 (C:\\erp\\erp-system\\backend\\inventory-service\\target\\inventory-service-1.0.0.jar started by foro7 in C:\\erp)"}
{"@timestamp":"2025-08-03T21:52:58.6399884-06:00","level":"DEBUG","logger_name":"com.erp.system.inventory.InventoryServiceApplication","message":"Running with Spring Boot v3.2.0, Spring v6.1.1"}
{"@timestamp":"2025-08-03T21:52:58.6416492-06:00","level":"INFO","logger_name":"com.erp.system.inventory.InventoryServiceApplication","message":"No active profile set, falling back to 1 default profile: \"default\""}
{"@timestamp":"2025-08-03T21:53:19.5429139-06:00","level":"INFO","logger_name":"com.erp.system.finance.FinanceServiceApplication","message":"Starting FinanceServiceApplication v1.0.0 using Java 17.0.15 with PID 19436 (C:\\erp\\erp-system\\backend\\finance-service\\target\\finance-service-1.0.0.jar started by foro7 in C:\\erp)"}
{"@timestamp":"2025-08-03T21:53:19.6333171-06:00","level":"DEBUG","logger_name":"com.erp.system.finance.FinanceServiceApplication","message":"Running with Spring Boot v3.2.0, Spring v6.1.1"}
{"@timestamp":"2025-08-03T21:53:19.635402-06:00","level":"INFO","logger_name":"com.erp.system.finance.FinanceServiceApplication","message":"No active profile set, falling back to 1 default profile: \"default\""}
{"@timestamp":"2025-08-03T21:53:29.4522719-06:00","level":"INFO","logger_name":"com.erp.system.inventory.InventoryServiceApplication","message":"Started InventoryServiceApplication in 34.7 seconds (process running for 36.56)"}
{"@timestamp":"2025-08-03T21:53:46.0761552-06:00","level":"INFO","logger_name":"com.erp.system.gateway.ApiGatewayApplication","message":"Starting ApiGatewayApplication v1.0.0 using Java 17.0.15 with PID 17728 (C:\\erp\\erp-system\\backend\\api-gateway\\target\\api-gateway-1.0.0.jar started by foro7 in C:\\erp)"}
{"@timestamp":"2025-08-03T21:53:46.0990304-06:00","level":"DEBUG","logger_name":"com.erp.system.gateway.ApiGatewayApplication","message":"Running with Spring Boot v3.2.0, Spring v6.1.1"}
{"@timestamp":"2025-08-03T21:53:46.1086996-06:00","level":"INFO","logger_name":"com.erp.system.gateway.ApiGatewayApplication","message":"No active profile set, falling back to 1 default profile: \"default\""}
{"@timestamp":"2025-08-03T21:53:48.4813086-06:00","level":"INFO","logger_name":"com.erp.system.finance.FinanceServiceApplication","message":"Started FinanceServiceApplication in 34.305 seconds (process running for 36.471)"}
{"@timestamp":"2025-08-03T22:07:32.1065785-06:00","level":"INFO","logger_name":"com.erp.system.user.UserServiceApplication","message":"Starting UserServiceApplication v1.0.0 using Java 17.0.15 with PID 13224 (C:\\erp\\erp-system\\backend\\user-service\\target\\user-service-1.0.0.jar started by foro7 in C:\\erp)"}
{"@timestamp":"2025-08-03T22:07:32.1365748-06:00","level":"DEBUG","logger_name":"com.erp.system.user.UserServiceApplication","message":"Running with Spring Boot v3.2.0, Spring v6.1.1"}
{"@timestamp":"2025-08-03T22:07:32.138575-06:00","level":"INFO","logger_name":"com.erp.system.user.UserServiceApplication","message":"No active profile set, falling back to 1 default profile: \"default\""}
{"@timestamp":"2025-08-03T22:07:35.0764449-06:00","level":"INFO","logger_name":"com.erp.system.inventory.InventoryServiceApplication","message":"Starting InventoryServiceApplication v1.0.0 using Java 17.0.15 with PID 33720 (C:\\erp\\erp-system\\backend\\inventory-service\\target\\inventory-service-1.0.0.jar started by foro7 in C:\\erp)"}
{"@timestamp":"2025-08-03T22:07:35.0924287-06:00","level":"DEBUG","logger_name":"com.erp.system.inventory.InventoryServiceApplication","message":"Running with Spring Boot v3.2.0, Spring v6.1.1"}
{"@timestamp":"2025-08-03T22:07:35.0944432-06:00","level":"INFO","logger_name":"com.erp.system.inventory.InventoryServiceApplication","message":"No active profile set, falling back to 1 default profile: \"default\""}
{"@timestamp":"2025-08-03T22:07:38.5638486-06:00","level":"INFO","logger_name":"com.erp.system.finance.FinanceServiceApplication","message":"Starting FinanceServiceApplication v1.0.0 using Java 17.0.15 with PID 31048 (C:\\erp\\erp-system\\backend\\finance-service\\target\\finance-service-1.0.0.jar started by foro7 in C:\\erp)"}
{"@timestamp":"2025-08-03T22:07:38.5819395-06:00","level":"DEBUG","logger_name":"com.erp.system.finance.FinanceServiceApplication","message":"Running with Spring Boot v3.2.0, Spring v6.1.1"}
{"@timestamp":"2025-08-03T22:07:38.5839233-06:00","level":"INFO","logger_name":"com.erp.system.finance.FinanceServiceApplication","message":"No active profile set, falling back to 1 default profile: \"default\""}
{"@timestamp":"2025-08-03T22:08:04.5285725-06:00","level":"INFO","logger_name":"com.erp.system.gateway.ApiGatewayApplication","message":"Starting ApiGatewayApplication v1.0.0 using Java 17.0.15 with PID 21240 (C:\\erp\\erp-system\\backend\\api-gateway\\target\\api-gateway-1.0.0.jar started by foro7 in C:\\erp)"}
{"@timestamp":"2025-08-03T22:08:04.6124917-06:00","level":"DEBUG","logger_name":"com.erp.system.gateway.ApiGatewayApplication","message":"Running with Spring Boot v3.2.0, Spring v6.1.1"}
{"@timestamp":"2025-08-03T22:08:04.6146477-06:00","level":"INFO","logger_name":"com.erp.system.gateway.ApiGatewayApplication","message":"No active profile set, falling back to 1 default profile: \"default\""}
{"@timestamp":"2025-08-03T22:08:21.2054125-06:00","level":"INFO","logger_name":"com.erp.system.inventory.InventoryServiceApplication","message":"Started InventoryServiceApplication in 51.076 seconds (process running for 52.673)"}
{"@timestamp":"2025-08-03T22:08:23.190299-06:00","level":"INFO","logger_name":"com.erp.system.finance.FinanceServiceApplication","message":"Started FinanceServiceApplication in 49.981 seconds (process running for 52.355)"}
{"@timestamp":"2025-08-03T22:13:47.6217085-06:00","level":"INFO","logger_name":"com.erp.system.user.UserServiceApplication","message":"Starting UserServiceApplication v1.0.0 using Java 17.0.15 with PID 4740 (C:\\erp\\erp-system\\backend\\user-service\\target\\user-service-1.0.0.jar started by foro7 in C:\\erp)"}
{"@timestamp":"2025-08-03T22:13:47.6485259-06:00","level":"DEBUG","logger_name":"com.erp.system.user.UserServiceApplication","message":"Running with Spring Boot v3.2.0, Spring v6.1.1"}
{"@timestamp":"2025-08-03T22:13:47.6506834-06:00","level":"INFO","logger_name":"com.erp.system.user.UserServiceApplication","message":"No active profile set, falling back to 1 default profile: \"default\""}
