{"@timestamp":"2025-08-04T01:28:22.9708974-06:00","level":"INFO","logger_name":"com.erp.system.gateway.ApiGatewayApplication","message":"Starting ApiGatewayApplication v1.0.0 using Java 17.0.15 with PID 9188 (C:\\erp\\erp-system\\backend\\api-gateway\\target\\api-gateway-1.0.0.jar started by foro7 in C:\\erp)"}
{"@timestamp":"2025-08-04T01:28:22.9981442-06:00","level":"DEBUG","logger_name":"com.erp.system.gateway.ApiGatewayApplication","message":"Running with Spring Boot v3.2.0, Spring v6.1.1"}
{"@timestamp":"2025-08-04T01:28:22.9992764-06:00","level":"INFO","logger_name":"com.erp.system.gateway.ApiGatewayApplication","message":"No active profile set, falling back to 1 default profile: \"default\""}
{"@timestamp":"2025-08-04T01:30:29.0233606-06:00","level":"INFO","logger_name":"com.erp.system.user.UserServiceApplication","message":"Starting UserServiceApplication v1.0.0 using Java 17.0.15 with PID 18984 (C:\\erp\\erp-system\\backend\\user-service\\target\\user-service-1.0.0.jar started by foro7 in C:\\erp)"}
{"@timestamp":"2025-08-04T01:30:29.0500069-06:00","level":"DEBUG","logger_name":"com.erp.system.user.UserServiceApplication","message":"Running with Spring Boot v3.2.0, Spring v6.1.1"}
{"@timestamp":"2025-08-04T01:30:29.0517513-06:00","level":"INFO","logger_name":"com.erp.system.user.UserServiceApplication","message":"No active profile set, falling back to 1 default profile: \"default\""}
{"@timestamp":"2025-08-04T01:30:53.3742212-06:00","level":"INFO","logger_name":"com.erp.system.user.UserServiceApplication","message":"Started UserServiceApplication in 27.151 seconds (process running for 28.489)"}
{"@timestamp":"2025-08-04T01:31:14.1451748-06:00","level":"INFO","logger_name":"com.erp.system.gateway.ApiGatewayApplication","message":"Starting ApiGatewayApplication v1.0.0 using Java 17.0.15 with PID 7392 (C:\\erp\\erp-system\\backend\\api-gateway\\target\\api-gateway-1.0.0.jar started by foro7 in C:\\erp)"}
{"@timestamp":"2025-08-04T01:31:14.163799-06:00","level":"DEBUG","logger_name":"com.erp.system.gateway.ApiGatewayApplication","message":"Running with Spring Boot v3.2.0, Spring v6.1.1"}
{"@timestamp":"2025-08-04T01:31:14.164799-06:00","level":"INFO","logger_name":"com.erp.system.gateway.ApiGatewayApplication","message":"No active profile set, falling back to 1 default profile: \"default\""}
{"@timestamp":"2025-08-04T01:34:44.9573495-06:00","level":"INFO","logger_name":"com.erp.system.user.UserServiceApplication","message":"Starting UserServiceApplication v1.0.0 using Java 17.0.15 with PID 31984 (C:\\erp\\erp-system\\backend\\user-service\\target\\user-service-1.0.0.jar started by foro7 in C:\\erp)"}
{"@timestamp":"2025-08-04T01:34:44.9773502-06:00","level":"DEBUG","logger_name":"com.erp.system.user.UserServiceApplication","message":"Running with Spring Boot v3.2.0, Spring v6.1.1"}
{"@timestamp":"2025-08-04T01:34:44.9793499-06:00","level":"INFO","logger_name":"com.erp.system.user.UserServiceApplication","message":"No active profile set, falling back to 1 default profile: \"default\""}
{"@timestamp":"2025-08-04T01:35:03.7118554-06:00","level":"INFO","logger_name":"com.erp.system.user.UserServiceApplication","message":"Started UserServiceApplication in 21.718 seconds (process running for 22.818)"}
{"@timestamp":"2025-08-04T01:36:02.909413-06:00","level":"INFO","logger_name":"com.erp.system.gateway.ApiGatewayApplication","message":"Starting ApiGatewayApplication v1.0.0 using Java 17.0.15 with PID 30252 (C:\\erp\\erp-system\\backend\\api-gateway\\target\\api-gateway-1.0.0.jar started by foro7 in C:\\erp)"}
{"@timestamp":"2025-08-04T01:36:02.9250647-06:00","level":"DEBUG","logger_name":"com.erp.system.gateway.ApiGatewayApplication","message":"Running with Spring Boot v3.2.0, Spring v6.1.1"}
{"@timestamp":"2025-08-04T01:36:02.9270657-06:00","level":"INFO","logger_name":"com.erp.system.gateway.ApiGatewayApplication","message":"No active profile set, falling back to 1 default profile: \"default\""}
{"@timestamp":"2025-08-04T01:44:34.9520648-06:00","level":"INFO","logger_name":"com.erp.system.user.UserServiceApplication","message":"Starting UserServiceApplication v1.0.0 using Java 17.0.15 with PID 34220 (C:\\erp\\erp-system\\backend\\user-service\\target\\user-service-1.0.0.jar started by foro7 in C:\\erp)"}
{"@timestamp":"2025-08-04T01:44:34.9816352-06:00","level":"DEBUG","logger_name":"com.erp.system.user.UserServiceApplication","message":"Running with Spring Boot v3.2.0, Spring v6.1.1"}
{"@timestamp":"2025-08-04T01:44:34.9869209-06:00","level":"INFO","logger_name":"com.erp.system.user.UserServiceApplication","message":"No active profile set, falling back to 1 default profile: \"default\""}
{"@timestamp":"2025-08-04T01:44:57.4168225-06:00","level":"INFO","logger_name":"com.erp.system.user.UserServiceApplication","message":"Started UserServiceApplication in 26.111 seconds (process running for 27.425)"}
{"@timestamp":"2025-08-04T01:49:54.3376114-06:00","level":"INFO","logger_name":"com.erp.system.user.UserServiceApplication","message":"Starting UserServiceApplication v1.0.0 using Java 17.0.15 with PID 21320 (C:\\erp\\erp-system\\backend\\user-service\\target\\user-service-1.0.0.jar started by foro7 in C:\\erp)"}
{"@timestamp":"2025-08-04T01:49:54.3542818-06:00","level":"DEBUG","logger_name":"com.erp.system.user.UserServiceApplication","message":"Running with Spring Boot v3.2.0, Spring v6.1.1"}
{"@timestamp":"2025-08-04T01:49:54.3562821-06:00","level":"INFO","logger_name":"com.erp.system.user.UserServiceApplication","message":"No active profile set, falling back to 1 default profile: \"default\""}
{"@timestamp":"2025-08-04T01:49:56.0745356-06:00","level":"INFO","logger_name":"com.erp.system.gateway.ApiGatewayApplication","message":"Starting ApiGatewayApplication v1.0.0 using Java 17.0.15 with PID 7616 (C:\\erp\\erp-system\\backend\\api-gateway\\target\\api-gateway-1.0.0.jar started by foro7 in C:\\erp)"}
{"@timestamp":"2025-08-04T01:49:56.0963417-06:00","level":"DEBUG","logger_name":"com.erp.system.gateway.ApiGatewayApplication","message":"Running with Spring Boot v3.2.0, Spring v6.1.1"}
{"@timestamp":"2025-08-04T01:49:56.0976603-06:00","level":"INFO","logger_name":"com.erp.system.gateway.ApiGatewayApplication","message":"No active profile set, falling back to 1 default profile: \"default\""}
{"@timestamp":"2025-08-04T01:50:13.4624604-06:00","level":"INFO","logger_name":"com.erp.system.gateway.ApiGatewayApplication","message":"Started ApiGatewayApplication in 20.414 seconds (process running for 22.011)"}
{"@timestamp":"2025-08-04T01:50:19.5886567-06:00","level":"INFO","logger_name":"com.erp.system.user.UserServiceApplication","message":"Started UserServiceApplication in 28.053 seconds (process running for 29.4)"}
